make all --print-data-base --no-builtin-variables --no-builtin-rules --question
# GNU Make 4.2.1
# Built for x86_64-pc-linux-gnu
# Copyright (C) 1988-2016 Free Software Foundation, Inc.
# License GPLv3+: GNU GPL version 3 or later <http://gnu.org/licenses/gpl.html>
# This is free software: you are free to change and redistribute it.
# There is NO WARRANTY, to the extent permitted by law.

# Make data base, printed on Sun Jul 24 18:37:43 2022

# Variables

# automatic
<D = $(patsubst %/,%,$(dir $<))
# automatic
?F = $(notdir $?)
# environment
WSLENV = VSCODE_WSL_EXT_LOCATION/up
# default
.SHELLFLAGS := -c
# automatic
?D = $(patsubst %/,%,$(dir $?))
# automatic
@D = $(patsubst %/,%,$(dir $@))
# automatic
@F = $(notdir $@)
# makefile
CURDIR := /home/ubuntu/documents/docker-compose/syncthing/data/code-workspace/golang/lets-go-further
# makefile
SHELL = /bin/sh
# environment
VSCODE_NLS_CONFIG = {"locale":"en","availableLanguages":{}}
# environment
_ = /home/ubuntu/.vscode-server/bin/3b889b090b5ad5793f524b5d1d39fda662b96a2a/node
# makefile (from 'Makefile', line 1)
MAKEFILE_LIST :=  Makefile
# 'override' directive
GNUMAKEFLAGS := 
# environment
VSCODE_AMD_ENTRYPOINT = vs/workbench/api/node/extensionHostProcess
# environment
INFOPATH = 
# environment
LESSOPEN = | /usr/bin/env /usr/bin/lesspipe %s 2>/dev/null
# environment
VSCODE_CWD = /mnt/c/Users/pacho/AppData/Local/Programs/Microsoft VS Code
# environment
GOPROXY = https://proxy.golang.org,direct
# default
MAKE_HOST := x86_64-pc-linux-gnu
# environment
PATH = /usr/local/go/bin:/home/ubuntu/.vscode-server/bin/3b889b090b5ad5793f524b5d1d39fda662b96a2a/bin/remote-cli:/home/ubuntu/go/bin:/home/ubuntu/anaconda3/bin:/home/ubuntu/anaconda3/condabin:/home/ubuntu/.local/share/pnpm:/home/ubuntu/bin:/home/ubuntu/.local/bin:/home/ubuntu/.cargo/bin:/usr/local/sbin:/usr/local/bin:/usr/sbin:/usr/bin:/sbin:/bin:/usr/games:/usr/local/games:/usr/lib/wsl/lib:/mnt/c/Windows/system32:/mnt/c/Windows:/mnt/c/Windows/System32/Wbem:/mnt/c/Windows/System32/WindowsPowerShell/v1.0:/mnt/c/Windows/System32/OpenSSH:/mnt/c/Program Files/Docker/Docker/resources/bin:/mnt/c/ProgramData/DockerDesktop/version-bin:/mnt/c/TDM-GCC-64/bin:/mnt/c/Users/pacho/AppData/Local/Microsoft/WindowsApps:/mnt/c/Users/pacho/AppData/Local/Programs/Microsoft VS Code/bin:/mnt/c/Program Files/JetBrains/GoLand 222.3244.4/bin:/home/ubuntu/.cache/zsh4humans/v5/fzf/bin:/home/ubuntu/.pulumi/bin
# environment
LSCOLORS = ExGxDxDxCxDxDxFxFxexEx
# environment
XDG_RUNTIME_DIR = /mnt/wslg/runtime-dir
# environment
PNPM_HOME = /home/ubuntu/.local/share/pnpm
# environment
GOPATH = /home/ubuntu/go
# environment
CONDA_PREFIX = /home/ubuntu/anaconda3
# environment
ELECTRON_RUN_AS_NODE = 1
# environment
VSCODE_IPC_HOOK_CLI = /mnt/wslg/runtime-dir/vscode-ipc-81243ec2-0874-4ea1-a589-71fd2550ac9c.sock
# environment
TERMINFO = /home/ubuntu/.terminfo
# default
.FEATURES := target-specific order-only second-expansion else-if shortest-stem undefine oneshell archives jobserver output-sync check-symlink load
# environment
LS_COLORS = fi=00:mi=00:mh=00:ln=01;36:or=01;31:di=01;34:ow=04;01;34:st=34:tw=04;34:pi=01;33:so=01;33:do=01;33:bd=01;33:cd=01;33:su=01;35:sg=01;35:ca=01;35:ex=01;32
# environment
SSH_AUTH_SOCK = /tmp/ssh-gHhRqGLTjDiT/agent.236
# automatic
%F = $(notdir $%)
# environment
GOBIN = /home/ubuntu/go/bin
# environment
DISPLAY = :0
# environment
CONDA_EXE = /home/ubuntu/anaconda3/bin/conda
# environment
PWD = /home/ubuntu/documents/docker-compose/syncthing/data/code-workspace/golang/lets-go-further
# default
.LOADED := 
# environment
SSH_AGENT_PID = 237
# environment
WSL_INTEROP = /run/WSL/183_interop
# environment
PULSE_SERVER = /mnt/wslg/PulseServer
# environment
MANPATH = /usr/local/share/man:/home/ubuntu/.cache/zsh4humans/v5/fzf/man:
# environment
GOMODCACHE = /home/ubuntu/go/pkg/mod
# environment
HOME = /home/ubuntu
# environment
LOGNAME = ubuntu
# environment
APPLICATION_INSIGHTS_NO_DIAGNOSTIC_CHANNEL = true
# environment
CONDA_PROMPT_MODIFIER = (base) 
# environment
VSCODE_HANDLES_UNCAUGHT_ERRORS = true
# automatic
^D = $(patsubst %/,%,$(dir $^))
# environment
MAKELEVEL := 0
# environment
CONDA_DEFAULT_ENV = base
# default
MAKE = $(MAKE_COMMAND)
# default
MAKECMDGOALS := all
# environment
CONDA_SHLVL = 1
# environment
SHLVL = 0
# default
MAKE_VERSION := 4.2.1
# environment
USER = ubuntu
# makefile
.DEFAULT_GOAL := 
# environment
GOROOT = /usr/local/go
# environment
NAME = windows
# environment
LESS = -iRFXMx4
# automatic
%D = $(patsubst %/,%,$(dir $%))
# environment
VSCODE_WSL_EXT_LOCATION = /mnt/c/Users/pacho/.vscode/extensions/ms-vscode-remote.remote-wsl-0.66.3
# default
MAKE_COMMAND := make
# environment
OLDPWD = /mnt/c/Users/pacho/AppData/Local/Programs/Microsoft VS Code
# default
.VARIABLES := 
# automatic
*F = $(notdir $*)
# makefile
MAKEFLAGS = pqrR
# environment
MFLAGS = -pqrR
# automatic
*D = $(patsubst %/,%,$(dir $*))
# automatic
+D = $(patsubst %/,%,$(dir $+))
# automatic
+F = $(notdir $+)
# environment
VSCODE_HANDLES_SIGPIPE = true
# default
MAKEFILES := 
# automatic
<F = $(notdir $<)
# environment
TREE_COLORS = fi=00:mi=00:mh=00:ln=01;36:or=01;31:di=01;34:ow=01;34:st=34:tw=34:pi=01;33:so=01;33:do=01;33:bd=01;33:cd=01;33:su=01;35:sg=01;35:ca=01;35:ex=01;32
# environment
PAGER = less
# environment
LC_ALL = C
# environment
CONDA_PYTHON_EXE = /home/ubuntu/anaconda3/bin/python
# environment
HOSTTYPE = x86_64
# automatic
^F = $(notdir $^)
# default
SUFFIXES := 
# environment
WAYLAND_DISPLAY = wayland-0
# environment
_CE_M = 
# default
.INCLUDE_DIRS = /usr/include /usr/local/include /usr/include
# default
.RECIPEPREFIX := 
# environment
GPG_TTY = 
# environment
LANG = C
# environment
TERM = xterm-256color
# environment
VAGRANT_WSL_ENABLE_WINDOWS_ACCESS = 1
# environment
WSL_DISTRO_NAME = Ubuntu
# environment
_CE_CONDA = 
# variable set hash-table stats:
# Load=91/1024=9%, Rehash=0, Collisions=7/115=6%

# Pattern-specific Variable Values

# No pattern-specific variable values.

# Directories

# . (device 2112, inode 112061): 12 files, no impossibilities.

# 12 files, no impossibilities in 1 directories.

# Implicit Rules

# No implicit rules.

# Files

# Not a target:
all:
#  Command line target.
#  Implicit rule search has been done.
#  File does not exist.
#  File has not been updated.

# Not a target:
Makefile:
#  Implicit rule search has been done.
#  Last modified 2022-07-24 00:20:12.445858807
#  File has been updated.
#  Successfully updated.

# Not a target:
.DEFAULT:
#  Implicit rule search has not been done.
#  Modification time never checked.
#  File has not been updated.

# files hash-table stats:
# Load=4/1024=0%, Rehash=0, Collisions=0/14=0%
# VPATH Search Paths

# No 'vpath' search paths.

# No general ('VPATH' variable) search path.

# strcache buffers: 1 (0) / strings = 17 / storage = 131 B / avg = 7 B
# current buf: size = 8162 B / used = 131 B / count = 17 / avg = 7 B

# strcache performance: lookups = 21 / hit rate = 19%
# hash-table stats:
# Load=17/8192=0%, Rehash=0, Collisions=1/21=5%
# Finished Make data base on Sun Jul 24 18:37:43 2022

 
make: *** No rule to make target 'all'.  Stop.

